<?xml version="1.0" encoding="UTF-8"?>
<!-- Generated by org.testng.reporters.JUnitXMLReporter -->
<testsuite ignored="0" hostname="MKD-CORP-BCP081" failures="0" tests="3" name="Default test" time="66.299" errors="0" timestamp="2021-06-13T15:48:49 IST">
  <testcase classname="com.cyient.test.SignInTest" name="emptyEmail" time="0.376"/>
  <testcase classname="com.cyient.test.SignInTest" name="emptyPhoneNo" time="2.515"/>
  <testcase classname="com.cyient.test.SignInTest" name="placeAnOrder" time="24.445"/>
</testsuite> <!-- Default test -->
