<?xml version="1.0" encoding="UTF-8"?>
<!-- Generated by org.testng.reporters.JUnitXMLReporter -->
<testsuite ignored="2" hostname="MKD-CORP-BCP081" failures="0" tests="1" name="Default test" time="41.892" errors="0" timestamp="2021-06-19T14:07:08 IST">
  <testcase classname="com.cyient.test.SignInTest" name="emptyEmail" time="28.761"/>
  <testcase classname="com.cyient.test.SignInTest" name="placeAnOrder" time="0.0">
    <ignored/>
  </testcase> <!-- placeAnOrder -->
  <testcase classname="com.cyient.test.SignInTest" name="emptyPhoneNo" time="0.0">
    <ignored/>
  </testcase> <!-- emptyPhoneNo -->
</testsuite> <!-- Default test -->
