<?xml version="1.0" encoding="UTF-8"?>
<testng-results ignored="2" total="3" passed="1" failed="0" skipped="0">
  <reporter-output>
  </reporter-output>
  <suite started-at="2021-06-19T14:06:26 IST" name="Default suite" finished-at="2021-06-19T14:07:08 IST" duration-ms="41892">
    <groups>
    </groups>
    <test started-at="2021-06-19T14:06:26 IST" name="Default test" finished-at="2021-06-19T14:07:08 IST" duration-ms="41892">
      <class name="com.cyient.test.SignInTest">
        <test-method is-config="true" signature="setup()[pri:0, instance:com.cyient.test.SignInTest@32b260fa]" started-at="2021-06-19T14:06:27 IST" name="setup" finished-at="2021-06-19T14:06:38 IST" duration-ms="11067" status="PASS">
          <reporter-output>
          </reporter-output>
        </test-method> <!-- setup -->
        <test-method signature="emptyEmail(java.lang.String,java.lang.String,java.lang.String,java.lang.String)[pri:0, instance:com.cyient.test.SignInTest@32b260fa]" started-at="2021-06-19T14:06:38 IST" name="emptyEmail" data-provider="emptyEmailExcelData" finished-at="2021-06-19T14:07:07 IST" duration-ms="28761" status="PASS">
          <params>
            <param index="0">
              <value>
                <![CDATA[Gagan]]>
              </value>
            </param>
            <param index="1">
              <value>
                <![CDATA[9299212870]]>
              </value>
            </param>
            <param index="2">
              <value>
                <![CDATA[213456]]>
              </value>
            </param>
            <param index="3">
              <value>
                <![CDATA[Please enter your email]]>
              </value>
            </param>
          </params>
          <reporter-output>
          </reporter-output>
        </test-method> <!-- emptyEmail -->
        <test-method is-config="true" signature="tearDown()[pri:0, instance:com.cyient.test.SignInTest@32b260fa]" started-at="2021-06-19T14:07:07 IST" name="tearDown" finished-at="2021-06-19T14:07:08 IST" duration-ms="1453" status="PASS">
          <reporter-output>
          </reporter-output>
        </test-method> <!-- tearDown -->
      </class> <!-- com.cyient.test.SignInTest -->
    </test> <!-- Default test -->
  </suite> <!-- Default suite -->
</testng-results>
