<?xml version="1.0" encoding="UTF-8"?>
<testng-results ignored="0" total="3" passed="3" failed="0" skipped="0">
  <reporter-output>
  </reporter-output>
  <suite started-at="2021-06-13T15:47:43 IST" name="Default suite" finished-at="2021-06-13T15:48:49 IST" duration-ms="66299">
    <groups>
    </groups>
    <test started-at="2021-06-13T15:47:43 IST" name="Default test" finished-at="2021-06-13T15:48:49 IST" duration-ms="66299">
      <class name="com.cyient.test.SignInTest">
        <test-method is-config="true" signature="setup()[pri:0, instance:com.cyient.test.SignInTest@429bffaa]" started-at="2021-06-13T15:47:43 IST" name="setup" finished-at="2021-06-13T15:47:50 IST" duration-ms="6941" status="PASS">
          <reporter-output>
          </reporter-output>
        </test-method> <!-- setup -->
        <test-method signature="emptyEmail(java.lang.String,java.lang.String,java.lang.String,java.lang.String)[pri:0, instance:com.cyient.test.SignInTest@429bffaa]" started-at="2021-06-13T15:47:50 IST" name="emptyEmail" data-provider="emptyEmailExcelData" finished-at="2021-06-13T15:47:50 IST" duration-ms="376" status="PASS">
          <params>
            <param index="0">
              <value>
                <![CDATA[Gagan]]>
              </value>
            </param>
            <param index="1">
              <value>
                <![CDATA[9299212870]]>
              </value>
            </param>
            <param index="2">
              <value>
                <![CDATA[213456]]>
              </value>
            </param>
            <param index="3">
              <value>
                <![CDATA[Please enter your email]]>
              </value>
            </param>
          </params>
          <reporter-output>
          </reporter-output>
        </test-method> <!-- emptyEmail -->
        <test-method is-config="true" signature="tearDown()[pri:0, instance:com.cyient.test.SignInTest@429bffaa]" started-at="2021-06-13T15:47:50 IST" name="tearDown" finished-at="2021-06-13T15:47:56 IST" duration-ms="6043" status="PASS">
          <reporter-output>
          </reporter-output>
        </test-method> <!-- tearDown -->
        <test-method is-config="true" signature="setup()[pri:0, instance:com.cyient.test.SignInTest@429bffaa]" started-at="2021-06-13T15:47:56 IST" name="setup" finished-at="2021-06-13T15:48:03 IST" duration-ms="6892" status="PASS">
          <reporter-output>
          </reporter-output>
        </test-method> <!-- setup -->
        <test-method signature="emptyPhoneNo(java.lang.String,java.lang.String,java.lang.String,java.lang.String)[pri:0, instance:com.cyient.test.SignInTest@429bffaa]" started-at="2021-06-13T15:48:03 IST" name="emptyPhoneNo" data-provider="emptyMobileNoExcelData" finished-at="2021-06-13T15:48:06 IST" duration-ms="2515" status="PASS">
          <params>
            <param index="0">
              <value>
                <![CDATA[gagan]]>
              </value>
            </param>
            <param index="1">
              <value>
                <![CDATA[gagan@email.com]]>
              </value>
            </param>
            <param index="2">
              <value>
                <![CDATA[201390]]>
              </value>
            </param>
            <param index="3">
              <value>
                <![CDATA[Please enter your phone number]]>
              </value>
            </param>
          </params>
          <reporter-output>
          </reporter-output>
        </test-method> <!-- emptyPhoneNo -->
        <test-method is-config="true" signature="tearDown()[pri:0, instance:com.cyient.test.SignInTest@429bffaa]" started-at="2021-06-13T15:48:06 IST" name="tearDown" finished-at="2021-06-13T15:48:08 IST" duration-ms="2073" status="PASS">
          <reporter-output>
          </reporter-output>
        </test-method> <!-- tearDown -->
        <test-method is-config="true" signature="setup()[pri:0, instance:com.cyient.test.SignInTest@429bffaa]" started-at="2021-06-13T15:48:08 IST" name="setup" finished-at="2021-06-13T15:48:14 IST" duration-ms="6072" status="PASS">
          <reporter-output>
          </reporter-output>
        </test-method> <!-- setup -->
        <test-method signature="placeAnOrder(java.lang.String,java.lang.String,java.lang.String)[pri:0, instance:com.cyient.test.SignInTest@429bffaa]" started-at="2021-06-13T15:48:14 IST" name="placeAnOrder" data-provider="placeOrderExcelData" finished-at="2021-06-13T15:48:38 IST" duration-ms="24445" status="PASS">
          <params>
            <param index="0">
              <value>
                <![CDATA[gagan@email.com]]>
              </value>
            </param>
            <param index="1">
              <value>
                <![CDATA[9299212870]]>
              </value>
            </param>
            <param index="2">
              <value>
                <![CDATA[Please enter pincode.]]>
              </value>
            </param>
          </params>
          <reporter-output>
          </reporter-output>
        </test-method> <!-- placeAnOrder -->
        <test-method is-config="true" signature="tearDown()[pri:0, instance:com.cyient.test.SignInTest@429bffaa]" started-at="2021-06-13T15:48:38 IST" name="tearDown" finished-at="2021-06-13T15:48:49 IST" duration-ms="10407" status="PASS">
          <reporter-output>
          </reporter-output>
        </test-method> <!-- tearDown -->
      </class> <!-- com.cyient.test.SignInTest -->
    </test> <!-- Default test -->
  </suite> <!-- Default suite -->
</testng-results>
